[debug] [2025-01-28T23:47:47.578Z] ----------------------------------------------------------------------
[debug] [2025-01-28T23:47:47.594Z] Command:       C:\Program Files\nodejs\node.exe C:\Users\jayfu\AppData\Roaming\npm\node_modules\firebase-tools\lib\bin\firebase.js init
[debug] [2025-01-28T23:47:47.595Z] CLI Version:   13.29.2
[debug] [2025-01-28T23:47:47.595Z] Platform:      win32
[debug] [2025-01-28T23:47:47.595Z] Node Version:  v20.10.0
[debug] [2025-01-28T23:47:47.595Z] Time:          Tue Jan 28 2025 17:47:47 GMT-0600 (Central Standard Time)
[debug] [2025-01-28T23:47:47.596Z] ----------------------------------------------------------------------
[debug] 
[debug] [2025-01-28T23:47:47.603Z] >>> [apiv2][query] GET https://firebase-public.firebaseio.com/cli.json [none]
[debug] [2025-01-28T23:47:47.699Z] > command requires scopes: ["email","openid","https://www.googleapis.com/auth/cloudplatformprojects.readonly","https://www.googleapis.com/auth/firebase","https://www.googleapis.com/auth/cloud-platform"]
[debug] [2025-01-28T23:47:47.700Z] > authorizing via signed-in user (jayfu03@gmail.com)
[info] 
     ######## #### ########  ######## ########     ###     ######  ########
     ##        ##  ##     ## ##       ##     ##  ##   ##  ##       ##
     ######    ##  ########  ######   ########  #########  ######  ######
     ##        ##  ##    ##  ##       ##     ## ##     ##       ## ##
     ##       #### ##     ## ######## ########  ##     ##  ######  ########

You're about to initialize a Firebase project in this directory:

  C:\Users\jayfu\OneDrive\Documents\GitHub\COMP413_SportsBetting

[debug] [2025-01-28T23:47:47.856Z] <<< [apiv2][status] GET https://firebase-public.firebaseio.com/cli.json 200
[debug] [2025-01-28T23:47:47.857Z] <<< [apiv2][body] GET https://firebase-public.firebaseio.com/cli.json {"cloudBuildErrorAfter":1594252800000,"cloudBuildWarnAfter":1590019200000,"defaultNode10After":1594252800000,"minVersion":"3.0.5","node8DeploysDisabledAfter":1613390400000,"node8RuntimeDisabledAfter":1615809600000,"node8WarnAfter":1600128000000}
